[0516/165552.724:ERROR:process_memory_win.cc(73)] ReadMemory at 0x256a13143e0 of 72 bytes failed: Запрос ReadProcessMemory или WriteProcessMemory был выполнен только частично. (0x12B)
[0516/165552.748:WARNING:pe_image_annotations_reader.cc(134)] could not read annotations list object in C:\Program Files (x86)\Google\Chrome\Application\74.0.3729.157\chrome_elf.dll
[0516/165552.748:ERROR:process_memory_win.cc(73)] ReadMemory at 0x7ff89d880000 of 64 bytes failed: Запрос ReadProcessMemory или WriteProcessMemory был выполнен только частично. (0x12B)
[0516/165552.748:WARNING:pe_image_reader.cc(340)] could not read dos header from C:\WINDOWS\SYSTEM32\VERSION.dll
[0516/165552.748:ERROR:process_memory_win.cc(73)] ReadMemory at 0x7ff8a64e0000 of 64 bytes failed: Запрос ReadProcessMemory или WriteProcessMemory был выполнен только частично. (0x12B)
[0516/165552.780:WARNING:pe_image_reader.cc(340)] could not read dos header from C:\WINDOWS\SYSTEM32\WINMM.dll
[0516/165552.780:ERROR:process_memory_win.cc(73)] ReadMemory at 0x7ff8ad9e0000 of 64 bytes failed: Запрос ReadProcessMemory или WriteProcessMemory был выполнен только частично. (0x12B)
[0516/165552.780:WARNING:pe_image_reader.cc(340)] could not read dos header from C:\WINDOWS\SYSTEM32\USERENV.dll
[0516/165552.780:ERROR:process_memory_win.cc(73)] ReadMemory at 0x7ff8a64b0000 of 64 bytes failed: Запрос ReadProcessMemory или WriteProcessMemory был выполнен только частично. (0x12B)
[0516/165552.780:WARNING:pe_image_reader.cc(340)] could not read dos header from C:\WINDOWS\SYSTEM32\WINMMBASE.dll
[0516/165552.780:ERROR:process_memory_win.cc(73)] ReadMemory at 0x7ff8ad530000 of 64 bytes failed: Запрос ReadProcessMemory или WriteProcessMemory был выполнен только частично. (0x12B)
[0516/165552.780:WARNING:pe_image_reader.cc(340)] could not read dos header from C:\WINDOWS\SYSTEM32\CRYPTBASE.DLL
[0516/165552.780:ERROR:process_memory_win.cc(73)] ReadMemory at 0x7ff8b1660000 of 64 bytes failed: Запрос ReadProcessMemory или WriteProcessMemory был выполнен только частично. (0x12B)
[0516/165552.780:WARNING:pe_image_reader.cc(340)] could not read dos header from C:\WINDOWS\System32\IMM32.DLL
[0516/165552.780:ERROR:process_memory_win.cc(73)] ReadMemory at 0x7ff85a860000 of 64 bytes failed: Запрос ReadProcessMemory или WriteProcessMemory был выполнен только частично. (0x12B)
[0516/165552.780:WARNING:pe_image_reader.cc(340)] could not read dos header from C:\Program Files (x86)\Google\Chrome\Application\74.0.3729.157\chrome_child.dll
[0516/165552.780:ERROR:process_memory_win.cc(73)] ReadMemory at 0x7ff8b1690000 of 64 bytes failed: Запрос ReadProcessMemory или WriteProcessMemory был выполнен только частично. (0x12B)
[0516/165552.780:WARNING:pe_image_reader.cc(340)] could not read dos header from C:\WINDOWS\System32\WS2_32.dll
[0516/165552.780:ERROR:process_memory_win.cc(73)] ReadMemory at 0x7ff8af160000 of 64 bytes failed: Запрос ReadProcessMemory или WriteProcessMemory был выполнен только частично. (0x12B)
[0516/165552.780:WARNING:pe_image_reader.cc(340)] could not read dos header from C:\WINDOWS\System32\ole32.dll
[0516/165552.780:ERROR:process_memory_win.cc(73)] ReadMemory at 0x7ff8af2c0000 of 64 bytes failed: Запрос ReadProcessMemory или WriteProcessMemory был выполнен только частично. (0x12B)
[0516/165552.780:WARNING:pe_image_reader.cc(340)] could not read dos header from C:\WINDOWS\System32\OLEAUT32.dll
[0516/165552.780:ERROR:process_memory_win.cc(73)] ReadMemory at 0x7ff8aea10000 of 64 bytes failed: Запрос ReadProcessMemory или WriteProcessMemory был выполнен только частично. (0x12B)
[0516/165552.780:WARNING:pe_image_reader.cc(340)] could not read dos header from C:\WINDOWS\System32\WINTRUST.dll
[0516/165552.780:ERROR:process_memory_win.cc(73)] ReadMemory at 0x7ff8adb30000 of 64 bytes failed: Запрос ReadProcessMemory или WriteProcessMemory был выполнен только частично. (0x12B)
[0516/165552.780:WARNING:pe_image_reader.cc(340)] could not read dos header from C:\WINDOWS\System32\MSASN1.dll
[0516/165552.780:ERROR:process_memory_win.cc(73)] ReadMemory at 0x7ff8aea70000 of 64 bytes failed: Запрос ReadProcessMemory или WriteProcessMemory был выполнен только частично. (0x12B)
[0516/165552.780:WARNING:pe_image_reader.cc(340)] could not read dos header from C:\WINDOWS\System32\CRYPT32.dll
[0516/165552.780:ERROR:process_memory_win.cc(73)] ReadMemory at 0x7ff8af390000 of 64 bytes failed: Запрос ReadProcessMemory или WriteProcessMemory был выполнен только частично. (0x12B)
[0516/165552.780:WARNING:pe_image_reader.cc(340)] could not read dos header from C:\WINDOWS\System32\COMDLG32.dll
[0516/165552.780:ERROR:process_memory_win.cc(73)] ReadMemory at 0x7ff8ad0e0000 of 64 bytes failed: Запрос ReadProcessMemory или WriteProcessMemory был выполнен только частично. (0x12B)
[0516/165552.780:WARNING:pe_image_reader.cc(340)] could not read dos header from C:\WINDOWS\SYSTEM32\IPHLPAPI.DLL
[0516/165552.780:ERROR:process_memory_win.cc(73)] ReadMemory at 0x7ff89d100000 of 64 bytes failed: Запрос ReadProcessMemory или WriteProcessMemory был выполнен только частично. (0x12B)
[0516/165552.780:WARNING:pe_image_reader.cc(340)] could not read dos header from C:\WINDOWS\SYSTEM32\OLEACC.dll
[0516/165552.780:ERROR:process_memory_win.cc(73)] ReadMemory at 0x7ff8984f0000 of 64 bytes failed: Запрос ReadProcessMemory или WriteProcessMemory был выполнен только частично. (0x12B)
[0516/165552.780:WARNING:pe_image_reader.cc(340)] could not read dos header from C:\WINDOWS\SYSTEM32\UIAutomationCore.DLL
[0516/165552.780:ERROR:process_memory_win.cc(73)] ReadMemory at 0x7ff8ac230000 of 64 bytes failed: Запрос ReadProcessMemory или WriteProcessMemory был выполнен только частично. (0x12B)
[0516/165552.780:WARNING:pe_image_reader.cc(340)] could not read dos header from C:\WINDOWS\SYSTEM32\WTSAPI32.dll
[0516/165552.780:ERROR:process_memory_win.cc(73)] ReadMemory at 0x7ff898ec0000 of 64 bytes failed: Запрос ReadProcessMemory или WriteProcessMemory был выполнен только частично. (0x12B)
[0516/165552.780:WARNING:pe_image_reader.cc(340)] could not read dos header from C:\WINDOWS\SYSTEM32\DWrite.dll
[0516/165552.780:ERROR:process_memory_win.cc(73)] ReadMemory at 0x7ff8ac8a0000 of 64 bytes failed: Запрос ReadProcessMemory или WriteProcessMemory был выполнен только частично. (0x12B)
[0516/165552.780:WARNING:pe_image_reader.cc(340)] could not read dos header from C:\WINDOWS\SYSTEM32\dxgi.dll
[0516/165552.780:ERROR:process_memory_win.cc(73)] ReadMemory at 0x7ff89c930000 of 64 bytes failed: Запрос ReadProcessMemory или WriteProcessMemory был выполнен только частично. (0x12B)
[0516/165552.780:WARNING:pe_image_reader.cc(340)] could not read dos header from C:\WINDOWS\SYSTEM32\WINSPOOL.DRV
[0516/165552.780:ERROR:process_memory_win.cc(73)] ReadMemory at 0x7ff8ac420000 of 64 bytes failed: Запрос ReadProcessMemory или WriteProcessMemory был выполнен только частично. (0x12B)
[0516/165552.780:WARNING:pe_image_reader.cc(340)] could not read dos header from C:\WINDOWS\SYSTEM32\dbghelp.dll
[0516/165552.780:ERROR:process_memory_win.cc(73)] ReadMemory at 0x7ff89b4e0000 of 64 bytes failed: Запрос ReadProcessMemory или WriteProcessMemory был выполнен только частично. (0x12B)
[0516/165552.780:WARNING:pe_image_reader.cc(340)] could not read dos header from C:\WINDOWS\WinSxS\amd64_microsoft.windows.common-controls_6595b64144ccf1df_6.0.17134.648_none_fb45a0e93062a6d2\COMCTL32.dll
[0516/165552.780:ERROR:process_memory_win.cc(73)] ReadMemory at 0x7ff8a57a0000 of 64 bytes failed: Запрос ReadProcessMemory или WriteProcessMemory был выполнен только частично. (0x12B)
[0516/165552.780:WARNING:pe_image_reader.cc(340)] could not read dos header from C:\WINDOWS\SYSTEM32\USP10.dll
[0516/165552.780:ERROR:process_memory_win.cc(73)] ReadMemory at 0x7ff8a7510000 of 64 bytes failed: Запрос ReadProcessMemory или WriteProcessMemory был выполнен только частично. (0x12B)
[0516/165552.780:WARNING:pe_image_reader.cc(340)] could not read dos header from C:\WINDOWS\SYSTEM32\WINHTTP.dll
[0516/165552.780:ERROR:process_memory_win.cc(73)] ReadMemory at 0x7ff89ce00000 of 64 bytes failed: Запрос ReadProcessMemory или WriteProcessMemory был выполнен только частично. (0x12B)
[0516/165552.780:WARNING:pe_image_reader.cc(340)] could not read dos header from C:\WINDOWS\SYSTEM32\urlmon.dll
[0516/165552.780:ERROR:process_memory_win.cc(73)] ReadMemory at 0x7ff890710000 of 64 bytes failed: Запрос ReadProcessMemory или WriteProcessMemory был выполнен только частично. (0x12B)
[0516/165552.780:WARNING:pe_image_reader.cc(340)] could not read dos header from C:\WINDOWS\SYSTEM32\Secur32.dll
[0516/165552.780:ERROR:process_memory_win.cc(73)] ReadMemory at 0x7ff8a6370000 of 64 bytes failed: Запрос ReadProcessMemory или WriteProcessMemory был выполнен только частично. (0x12B)
[0516/165552.780:WARNING:pe_image_reader.cc(340)] could not read dos header from C:\WINDOWS\SYSTEM32\dhcpcsvc.DLL
[0516/165552.780:ERROR:process_memory_win.cc(73)] ReadMemory at 0x7ff8af6b0000 of 64 bytes failed: Запрос ReadProcessMemory или WriteProcessMemory был выполнен только частично. (0x12B)
[0516/165552.780:WARNING:pe_image_reader.cc(340)] could not read dos header from C:\WINDOWS\System32\NSI.dll
[0516/165552.780:ERROR:process_memory_win.cc(73)] ReadMemory at 0x7ff8ac5f0000 of 64 bytes failed: Запрос ReadProcessMemory или WriteProcessMemory был выполнен только частично. (0x12B)
[0516/165552.780:WARNING:pe_image_reader.cc(340)] could not read dos header from C:\WINDOWS\SYSTEM32\PROPSYS.dll
[0516/165552.780:ERROR:process_memory_win.cc(73)] ReadMemory at 0x7ff8ad640000 of 64 bytes failed: Запрос ReadProcessMemory или WriteProcessMemory был выполнен только частично. (0x12B)
[0516/165552.780:WARNING:pe_image_reader.cc(340)] could not read dos header from C:\WINDOWS\SYSTEM32\bcrypt.dll
[0516/165552.780:ERROR:process_memory_win.cc(73)] ReadMemory at 0x7ff89e1c0000 of 64 bytes failed: Запрос ReadProcessMemory или WriteProcessMemory был выполнен только частично. (0x12B)
[0516/165552.780:WARNING:pe_image_reader.cc(340)] could not read dos header from C:\WINDOWS\SYSTEM32\iertutil.dll
[0516/165552.780:ERROR:process_memory_win.cc(73)] ReadMemory at 0x7ff8ada10000 of 64 bytes failed: Запрос ReadProcessMemory или WriteProcessMemory был выполнен только частично. (0x12B)
[0516/165552.780:WARNING:pe_image_reader.cc(340)] could not read dos header from C:\WINDOWS\SYSTEM32\SSPICLI.DLL
[0516/165552.780:ERROR:process_memory_win.cc(73)] ReadMemory at 0x7ff8b1170000 of 64 bytes failed: Запрос ReadProcessMemory или WriteProcessMemory был выполнен только частично. (0x12B)
[0516/165552.780:WARNING:pe_image_reader.cc(340)] could not read dos header from C:\WINDOWS\System32\SETUPAPI.dll
[0516/165552.780:ERROR:process_memory_win.cc(73)] ReadMemory at 0x7ff8ad8f0000 of 64 bytes failed: Запрос ReadProcessMemory или WriteProcessMemory был выполнен только частично. (0x12B)
[0516/165552.780:WARNING:pe_image_reader.cc(340)] could not read dos header from C:\WINDOWS\SYSTEM32\DEVOBJ.dll
[0516/165552.780:ERROR:process_memory_win.cc(73)] ReadMemory at 0x7ff899930000 of 64 bytes failed: Запрос ReadProcessMemory или WriteProcessMemory был выполнен только частично. (0x12B)
[0516/165552.780:WARNING:pe_image_reader.cc(340)] could not read dos header from C:\WINDOWS\SYSTEM32\mf.dll
[0516/165552.780:ERROR:process_memory_win.cc(73)] ReadMemory at 0x7ff899230000 of 64 bytes failed: Запрос ReadProcessMemory или WriteProcessMemory был выполнен только частично. (0x12B)
[0516/165552.780:WARNING:pe_image_reader.cc(340)] could not read dos header from C:\WINDOWS\SYSTEM32\mfplat.dll
[0516/165552.780:ERROR:process_memory_win.cc(73)] ReadMemory at 0x7ff8a2710000 of 64 bytes failed: Запрос ReadProcessMemory или WriteProcessMemory был выполнен только частично. (0x12B)
[0516/165552.780:WARNING:pe_image_reader.cc(340)] could not read dos header from C:\WINDOWS\SYSTEM32\RTWorkQ.DLL
[0516/165552.780:ERROR:process_memory_win.cc(73)] ReadMemory at 0x7ff887a00000 of 64 bytes failed: Запрос ReadProcessMemory или WriteProcessMemory был выполнен только частично. (0x12B)
[0516/165552.780:WARNING:pe_image_reader.cc(340)] could not read dos header from C:\WINDOWS\SYSTEM32\msmpeg2vdec.dll
[0516/165552.780:ERROR:process_memory_win.cc(73)] ReadMemory at 0x7ff894510000 of 64 bytes failed: Запрос ReadProcessMemory или WriteProcessMemory был выполнен только частично. (0x12B)
[0516/165552.780:WARNING:pe_image_reader.cc(340)] could not read dos header from C:\WINDOWS\SYSTEM32\mfperfhelper.dll
[0516/165552.780:ERROR:process_memory_win.cc(73)] ReadMemory at 0x7ff8ad510000 of 64 bytes failed: Запрос ReadProcessMemory или WriteProcessMemory был выполнен только частично. (0x12B)
[0516/165552.780:WARNING:pe_image_reader.cc(340)] could not read dos header from C:\WINDOWS\SYSTEM32\cryptsp.dll
[0516/165552.780:ERROR:process_memory_win.cc(73)] ReadMemory at 0x7ff8aa390000 of 64 bytes failed: Запрос ReadProcessMemory или WriteProcessMemory был выполнен только частично. (0x12B)
[0516/165552.780:WARNING:pe_image_reader.cc(340)] could not read dos header from C:\WINDOWS\SYSTEM32\dxva2.dll
[0516/165552.780:ERROR:process_memory_win.cc(73)] ReadMemory at 0x7ff888180000 of 64 bytes failed: Запрос ReadProcessMemory или WriteProcessMemory был выполнен только частично. (0x12B)
[0516/165552.780:WARNING:pe_image_reader.cc(340)] could not read dos header from C:\WINDOWS\SYSTEM32\msvproc.dll
[0516/165552.780:ERROR:process_memory_win.cc(73)] ReadMemory at 0x7ff8a96e0000 of 64 bytes failed: Запрос ReadProcessMemory или WriteProcessMemory был выполнен только частично. (0x12B)
[0516/165552.780:WARNING:pe_image_reader.cc(340)] could not read dos header from C:\WINDOWS\SYSTEM32\CompPkgSup.DLL
[0516/165552.780:ERROR:process_memory_win.cc(73)] ReadMemory at 0x7ff8aa490000 of 64 bytes failed: Запрос ReadProcessMemory или WriteProcessMemory был выполнен только частично. (0x12B)
[0516/165552.780:WARNING:pe_image_reader.cc(340)] could not read dos header from C:\WINDOWS\SYSTEM32\D3DCompiler_47.dll
[0516/165552.780:ERROR:process_memory_win.cc(73)] ReadMemory at 0x7ff882290000 of 64 bytes failed: Запрос ReadProcessMemory или WriteProcessMemory был выполнен только частично. (0x12B)
[0516/165552.780:WARNING:pe_image_reader.cc(340)] could not read dos header from C:\Program Files (x86)\Google\Chrome\Application\74.0.3729.157\libglesv2.dll
[0516/165552.780:ERROR:process_memory_win.cc(73)] ReadMemory at 0x7ff887430000 of 64 bytes failed: Запрос ReadProcessMemory или WriteProcessMemory был выполнен только частично. (0x12B)
[0516/165552.780:WARNING:pe_image_reader.cc(340)] could not read dos header from C:\WINDOWS\SYSTEM32\d3d9.dll
[0516/165552.780:ERROR:process_memory_win.cc(73)] ReadMemory at 0x7ff8abc90000 of 64 bytes failed: Запрос ReadProcessMemory или WriteProcessMemory был выполнен только частично. (0x12B)
[0516/165552.780:WARNING:pe_image_reader.cc(340)] could not read dos header from C:\WINDOWS\SYSTEM32\dwmapi.dll
[0516/165552.780:ERROR:process_memory_win.cc(73)] ReadMemory at 0x7ff8a8380000 of 64 bytes failed: Запрос ReadProcessMemory или WriteProcessMemory был выполнен только частично. (0x12B)
[0516/165552.780:WARNING:pe_image_reader.cc(340)] could not read dos header from C:\Program Files (x86)\Google\Chrome\Application\74.0.3729.157\libegl.dll
[0516/165552.780:ERROR:process_memory_win.cc(73)] ReadMemory at 0x7ff8aa8c0000 of 64 bytes failed: Запрос ReadProcessMemory или WriteProcessMemory был выполнен только частично. (0x12B)
[0516/165552.780:WARNING:pe_image_reader.cc(340)] could not read dos header from C:\WINDOWS\SYSTEM32\d3d11.dll
[0516/165552.780:ERROR:process_memory_win.cc(73)] ReadMemory at 0x7ff8ab1a0000 of 64 bytes failed: Запрос ReadProcessMemory или WriteProcessMemory был выполнен только частично. (0x12B)
[0516/165552.780:WARNING:pe_image_reader.cc(340)] could not read dos header from C:\WINDOWS\SYSTEM32\dcomp.dll
[0516/165552.784:ERROR:process_memory_win.cc(73)] ReadMemory at 0x7ff8a2a90000 of 64 bytes failed: Запрос ReadProcessMemory или WriteProcessMemory был выполнен только частично. (0x12B)
[0516/165552.784:WARNING:pe_image_reader.cc(340)] could not read dos header from C:\WINDOWS\System32\DriverStore\FileRepository\k127153.inf_amd64_3f3936d8dec668b8\igd10iumd64.dll
[0516/165552.784:ERROR:process_memory_win.cc(73)] ReadMemory at 0x7ff8ad610000 of 64 bytes failed: Запрос ReadProcessMemory или WriteProcessMemory был выполнен только частично. (0x12B)
[0516/165552.784:WARNING:pe_image_reader.cc(340)] could not read dos header from C:\WINDOWS\SYSTEM32\ncrypt.dll
[0516/165552.784:ERROR:process_memory_win.cc(73)] ReadMemory at 0x7ff8ad5d0000 of 64 bytes failed: Запрос ReadProcessMemory или WriteProcessMemory был выполнен только частично. (0x12B)
[0516/165552.784:WARNING:pe_image_reader.cc(340)] could not read dos header from C:\WINDOWS\SYSTEM32\NTASN1.dll
[0516/165552.784:ERROR:process_memory_win.cc(73)] ReadMemory at 0x7ff89fe70000 of 64 bytes failed: Запрос ReadProcessMemory или WriteProcessMemory был выполнен только частично. (0x12B)
[0516/165552.784:WARNING:pe_image_reader.cc(340)] could not read dos header from C:\WINDOWS\System32\DriverStore\FileRepository\k127153.inf_amd64_3f3936d8dec668b8\igc64.dll
[0516/165552.784:ERROR:process_memory_win.cc(73)] ReadMemory at 0x7ff8b1700000 of 64 bytes failed: Запрос ReadProcessMemory или WriteProcessMemory был выполнен только частично. (0x12B)
[0516/165552.784:WARNING:pe_image_reader.cc(340)] could not read dos header from C:\WINDOWS\System32\clbcatq.dll
[0516/165552.784:ERROR:process_memory_win.cc(73)] ReadMemory at 0x7ff8a9b00000 of 64 bytes failed: Запрос ReadProcessMemory или WriteProcessMemory был выполнен только частично. (0x12B)
[0516/165552.784:WARNING:pe_image_reader.cc(340)] could not read dos header from C:\Windows\System32\WinTypes.dll
[0516/165552.784:ERROR:process_memory_win.cc(73)] ReadMemory at 0x7ff8a5b40000 of 64 bytes failed: Запрос ReadProcessMemory или WriteProcessMemory был выполнен только частично. (0x12B)
[0516/165552.784:WARNING:pe_image_reader.cc(340)] could not read dos header from C:\WINDOWS\SYSTEM32\rometadata.dll
[0516/165552.784:ERROR:process_memory_win.cc(73)] ReadMemory at 0x7ff8736d0000 of 64 bytes failed: Запрос ReadProcessMemory или WriteProcessMemory был выполнен только частично. (0x12B)
[0516/165552.784:WARNING:pe_image_reader.cc(340)] could not read dos header from C:\WINDOWS\System32\DriverStore\FileRepository\k127153.inf_amd64_3f3936d8dec668b8\igd11dxva64.dll
[0516/165552.784:ERROR:process_memory_win.cc(73)] ReadMemory at 0x7ff8983d0000 of 64 bytes failed: Запрос ReadProcessMemory или WriteProcessMemory был выполнен только частично. (0x12B)
[0516/165552.784:WARNING:pe_image_reader.cc(340)] could not read dos header from C:\Windows\System32\mfh264enc.dll
[0516/165552.784:ERROR:process_memory_win.cc(73)] ReadMemory at 0x7ff8aba00000 of 64 bytes failed: Запрос ReadProcessMemory или WriteProcessMemory был выполнен только частично. (0x12B)
[0516/165552.784:WARNING:pe_image_reader.cc(340)] could not read dos header from C:\WINDOWS\system32\uxtheme.dll
[0516/165552.784:ERROR:process_memory_win.cc(73)] ReadMemory at 0x7ff8af530000 of 64 bytes failed: Запрос ReadProcessMemory или WriteProcessMemory был выполнен только частично. (0x12B)
[0516/165552.784:WARNING:pe_image_reader.cc(340)] could not read dos header from C:\WINDOWS\System32\MSCTF.dll
[0516/165552.815:ERROR:process_memory_win.cc(73)] ReadMemory at 0xf8b2ff3000 of 53248 bytes failed: Запрос ReadProcessMemory или WriteProcessMemory был выполнен только частично. (0x12B)
[0516/165552.820:ERROR:process_memory_win.cc(73)] ReadMemory at 0xf8b31f0000 of 65536 bytes failed: Запрос ReadProcessMemory или WriteProcessMemory был выполнен только частично. (0x12B)
[0516/165552.821:ERROR:process_memory_win.cc(73)] ReadMemory at 0xf8b33fd000 of 12288 bytes failed: Запрос ReadProcessMemory или WriteProcessMemory был выполнен только частично. (0x12B)
[0516/165552.821:ERROR:process_memory_win.cc(73)] ReadMemory at 0xf8b35fd000 of 12288 bytes failed: Запрос ReadProcessMemory или WriteProcessMemory был выполнен только частично. (0x12B)
[0516/165552.821:ERROR:process_memory_win.cc(73)] ReadMemory at 0xf8b37fd000 of 12288 bytes failed: Запрос ReadProcessMemory или WriteProcessMemory был выполнен только частично. (0x12B)
[0516/165552.821:ERROR:process_memory_win.cc(73)] ReadMemory at 0xf8b39fd000 of 12288 bytes failed: Запрос ReadProcessMemory или WriteProcessMemory был выполнен только частично. (0x12B)
[0516/165552.822:ERROR:process_memory_win.cc(73)] ReadMemory at 0xf8b3bfc000 of 16384 bytes failed: Запрос ReadProcessMemory или WriteProcessMemory был выполнен только частично. (0x12B)
[0516/165552.822:ERROR:process_memory_win.cc(73)] ReadMemory at 0xf8b3dff000 of 4096 bytes failed: Запрос ReadProcessMemory или WriteProcessMemory был выполнен только частично. (0x12B)
[0516/165552.822:ERROR:process_memory_win.cc(73)] ReadMemory at 0xf8b3ffb000 of 20480 bytes failed: Запрос ReadProcessMemory или WriteProcessMemory был выполнен только частично. (0x12B)
[0516/165552.823:ERROR:process_memory_win.cc(73)] ReadMemory at 0xf8b43f0000 of 65536 bytes failed: Запрос ReadProcessMemory или WriteProcessMemory был выполнен только частично. (0x12B)
[0516/165552.823:ERROR:process_memory_win.cc(73)] ReadMemory at 0xf8b45fe000 of 8192 bytes failed: Запрос ReadProcessMemory или WriteProcessMemory был выполнен только частично. (0x12B)
[0516/165552.823:ERROR:process_memory_win.cc(73)] ReadMemory at 0xf8b47fc000 of 16384 bytes failed: Запрос ReadProcessMemory или WriteProcessMemory был выполнен только частично. (0x12B)
[0516/165552.823:ERROR:process_memory_win.cc(73)] ReadMemory at 0xf8b49fe000 of 8192 bytes failed: Запрос ReadProcessMemory или WriteProcessMemory был выполнен только частично. (0x12B)
[0516/165552.823:ERROR:process_memory_win.cc(73)] ReadMemory at 0xf8b41f9000 of 28672 bytes failed: Запрос ReadProcessMemory или WriteProcessMemory был выполнен только частично. (0x12B)
[0516/165552.823:ERROR:process_memory_win.cc(73)] ReadMemory at 0xf8b2c8e000 of 852 bytes failed: Запрос ReadProcessMemory или WriteProcessMemory был выполнен только частично. (0x12B)
[0516/165552.823:ERROR:process_memory_win.cc(73)] ReadMemory at 0xf8b2c8f000 of 6024 bytes failed: Запрос ReadProcessMemory или WriteProcessMemory был выполнен только частично. (0x12B)
[0516/165552.823:ERROR:process_memory_win.cc(73)] ReadMemory at 0xf8b2c91000 of 6024 bytes failed: Запрос ReadProcessMemory или WriteProcessMemory был выполнен только частично. (0x12B)
[0516/165552.823:ERROR:process_memory_win.cc(73)] ReadMemory at 0xf8b2c93000 of 6024 bytes failed: Запрос ReadProcessMemory или WriteProcessMemory был выполнен только частично. (0x12B)
[0516/165552.823:ERROR:process_memory_win.cc(73)] ReadMemory at 0xf8b2c95000 of 6024 bytes failed: Запрос ReadProcessMemory или WriteProcessMemory был выполнен только частично. (0x12B)
[0516/165552.823:ERROR:process_memory_win.cc(73)] ReadMemory at 0xf8b2c97000 of 6024 bytes failed: Запрос ReadProcessMemory или WriteProcessMemory был выполнен только частично. (0x12B)
[0516/165552.823:ERROR:process_memory_win.cc(73)] ReadMemory at 0xf8b2c99000 of 6024 bytes failed: Запрос ReadProcessMemory или WriteProcessMemory был выполнен только частично. (0x12B)
[0516/165552.823:ERROR:process_memory_win.cc(73)] ReadMemory at 0xf8b2c9b000 of 6024 bytes failed: Запрос ReadProcessMemory или WriteProcessMemory был выполнен только частично. (0x12B)
[0516/165552.823:ERROR:process_memory_win.cc(73)] ReadMemory at 0xf8b2c9d000 of 6024 bytes failed: Запрос ReadProcessMemory или WriteProcessMemory был выполнен только частично. (0x12B)
[0516/165552.823:ERROR:process_memory_win.cc(73)] ReadMemory at 0xf8b2c9f000 of 6024 bytes failed: Запрос ReadProcessMemory или WriteProcessMemory был выполнен только частично. (0x12B)
[0516/165552.823:ERROR:process_memory_win.cc(73)] ReadMemory at 0xf8b2ca3000 of 6024 bytes failed: Запрос ReadProcessMemory или WriteProcessMemory был выполнен только частично. (0x12B)
[0516/165552.823:ERROR:process_memory_win.cc(73)] ReadMemory at 0xf8b2ca5000 of 6024 bytes failed: Запрос ReadProcessMemory или WriteProcessMemory был выполнен только частично. (0x12B)
[0516/165552.823:ERROR:process_memory_win.cc(73)] ReadMemory at 0xf8b2cbd000 of 6024 bytes failed: Запрос ReadProcessMemory или WriteProcessMemory был выполнен только частично. (0x12B)
[0516/165552.823:ERROR:process_memory_win.cc(73)] ReadMemory at 0xf8b2cbf000 of 6024 bytes failed: Запрос ReadProcessMemory или WriteProcessMemory был выполнен только частично. (0x12B)
[0516/165552.823:ERROR:process_memory_win.cc(73)] ReadMemory at 0xf8b2cc7000 of 6024 bytes failed: Запрос ReadProcessMemory или WriteProcessMemory был выполнен только частично. (0x12B)
[0516/165552.823:ERROR:process_memory_win.cc(73)] ReadMemory at 0x256a1140c40 of 512 bytes failed: Запрос ReadProcessMemory или WriteProcessMemory был выполнен только частично. (0x12B)
[0516/165552.823:ERROR:process_memory_win.cc(73)] ReadMemory at 0x256a1160ab0 of 512 bytes failed: Запрос ReadProcessMemory или WriteProcessMemory был выполнен только частично. (0x12B)
[0516/165552.823:ERROR:process_memory_win.cc(73)] ReadMemory at 0x256a1160fc0 of 18736 bytes failed: Запрос ReadProcessMemory или WriteProcessMemory был выполнен только частично. (0x12B)
[0516/165552.823:ERROR:process_memory_win.cc(73)] ReadMemory at 0x256a1165900 of 1012 bytes failed: Запрос ReadProcessMemory или WriteProcessMemory был выполнен только частично. (0x12B)
[0516/165552.823:ERROR:process_memory_win.cc(73)] ReadMemory at 0x256a1165f18 of 106 bytes failed: Запрос ReadProcessMemory или WriteProcessMemory был выполнен только частично. (0x12B)
[0516/165552.823:ERROR:process_memory_win.cc(73)] ReadMemory at 0x256a1165f84 of 118 bytes failed: Запрос ReadProcessMemory или WriteProcessMemory был выполнен только частично. (0x12B)
[0516/165552.823:ERROR:process_memory_win.cc(73)] ReadMemory at 0x256a1165ffc of 1264 bytes failed: Запрос ReadProcessMemory или WriteProcessMemory был выполнен только частично. (0x12B)
[0516/165552.823:ERROR:process_memory_win.cc(73)] ReadMemory at 0x256a11664ee of 118 bytes failed: Запрос ReadProcessMemory или WriteProcessMemory был выполнен только частично. (0x12B)
[0516/165552.823:ERROR:process_memory_win.cc(73)] ReadMemory at 0x256a1166566 of 30 bytes failed: Запрос ReadProcessMemory или WriteProcessMemory был выполнен только частично. (0x12B)
[0516/165552.823:ERROR:process_memory_win.cc(73)] ReadMemory at 0x256a1166590 of 58 bytes failed: Запрос ReadProcessMemory или WriteProcessMemory был выполнен только частично. (0x12B)
[0516/165552.823:ERROR:process_memory_win.cc(73)] ReadMemory at 0x256a1166710 of 132 bytes failed: Запрос ReadProcessMemory или WriteProcessMemory был выполнен только частично. (0x12B)
[0516/165552.823:ERROR:process_memory_win.cc(73)] ReadMemory at 0x256a11668a0 of 132 bytes failed: Запрос ReadProcessMemory или WriteProcessMemory был выполнен только частично. (0x12B)
[0516/165552.823:ERROR:process_memory_win.cc(73)] ReadMemory at 0x256a1166e40 of 132 bytes failed: Запрос ReadProcessMemory или WriteProcessMemory был выполнен только частично. (0x12B)
[0516/165552.823:ERROR:process_memory_win.cc(73)] ReadMemory at 0x256a1166fd0 of 64 bytes failed: Запрос ReadProcessMemory или WriteProcessMemory был выполнен только частично. (0x12B)
[0516/165552.823:ERROR:process_memory_win.cc(73)] ReadMemory at 0x256a1167130 of 132 bytes failed: Запрос ReadProcessMemory или WriteProcessMemory был выполнен только частично. (0x12B)
[0516/165552.823:ERROR:process_memory_win.cc(73)] ReadMemory at 0x256a1167330 of 62 bytes failed: Запрос ReadProcessMemory или WriteProcessMemory был выполнен только частично. (0x12B)
[0516/165552.823:ERROR:process_memory_win.cc(73)] ReadMemory at 0x256a1167420 of 132 bytes failed: Запрос ReadProcessMemory или WriteProcessMemory был выполнен только частично. (0x12B)
[0516/165552.823:ERROR:process_memory_win.cc(73)] ReadMemory at 0x256a11675b0 of 68 bytes failed: Запрос ReadProcessMemory или WriteProcessMemory был выполнен только частично. (0x12B)
[0516/165552.823:ERROR:process_memory_win.cc(73)] ReadMemory at 0x256a116da90 of 132 bytes failed: Запрос ReadProcessMemory или WriteProcessMemory был выполнен только частично. (0x12B)
[0516/165552.823:ERROR:process_memory_win.cc(73)] ReadMemory at 0x256a116dcd0 of 132 bytes failed: Запрос ReadProcessMemory или WriteProcessMemory был выполнен только частично. (0x12B)
[0516/165552.823:ERROR:process_memory_win.cc(73)] ReadMemory at 0x256a116de60 of 62 bytes failed: Запрос ReadProcessMemory или WriteProcessMemory был выполнен только частично. (0x12B)
[0516/165552.823:ERROR:process_memory_win.cc(73)] ReadMemory at 0x256a116f5e0 of 132 bytes failed: Запрос ReadProcessMemory или WriteProcessMemory был выполнен только частично. (0x12B)
[0516/165552.823:ERROR:process_memory_win.cc(73)] ReadMemory at 0x256a116f770 of 60 bytes failed: Запрос ReadProcessMemory или WriteProcessMemory был выполнен только частично. (0x12B)
[0516/165552.823:ERROR:process_memory_win.cc(73)] ReadMemory at 0x256a116f9c0 of 132 bytes failed: Запрос ReadProcessMemory или WriteProcessMemory был выполнен только частично. (0x12B)
[0516/165552.823:ERROR:process_memory_win.cc(73)] ReadMemory at 0x256a116fb50 of 64 bytes failed: Запрос ReadProcessMemory или WriteProcessMemory был выполнен только частично. (0x12B)
[0516/165552.823:ERROR:process_memory_win.cc(73)] ReadMemory at 0x256a116fba0 of 152 bytes failed: Запрос ReadProcessMemory или WriteProcessMemory был выполнен только частично. (0x12B)
[0516/165552.823:ERROR:process_memory_win.cc(73)] ReadMemory at 0x256a116fcc0 of 146 bytes failed: Запрос ReadProcessMemory или WriteProcessMemory был выполнен только частично. (0x12B)
[0516/165552.823:ERROR:process_memory_win.cc(73)] ReadMemory at 0x256a116fdd0 of 132 bytes failed: Запрос ReadProcessMemory или WriteProcessMemory был выполнен только частично. (0x12B)
[0516/165552.823:ERROR:process_memory_win.cc(73)] ReadMemory at 0x256a116ff60 of 64 bytes failed: Запрос ReadProcessMemory или WriteProcessMemory был выполнен только частично. (0x12B)
[0516/165552.834:ERROR:process_memory_win.cc(73)] ReadMemory at 0x256a11701c0 of 132 bytes failed: Запрос ReadProcessMemory или WriteProcessMemory был выполнен только частично. (0x12B)
[0516/165552.834:ERROR:process_memory_win.cc(73)] ReadMemory at 0x256a1170350 of 60 bytes failed: Запрос ReadProcessMemory или WriteProcessMemory был выполнен только частично. (0x12B)
[0516/165552.834:ERROR:process_memory_win.cc(73)] ReadMemory at 0x256a1170670 of 132 bytes failed: Запрос ReadProcessMemory или WriteProcessMemory был выполнен только частично. (0x12B)
[0516/165552.835:ERROR:process_memory_win.cc(73)] ReadMemory at 0x256a1170800 of 60 bytes failed: Запрос ReadProcessMemory или WriteProcessMemory был выполнен только частично. (0x12B)
[0516/165552.835:ERROR:process_memory_win.cc(73)] ReadMemory at 0x256a1170a40 of 132 bytes failed: Запрос ReadProcessMemory или WriteProcessMemory был выполнен только частично. (0x12B)
[0516/165552.835:ERROR:process_memory_win.cc(73)] ReadMemory at 0x256a1170bd0 of 62 bytes failed: Запрос ReadProcessMemory или WriteProcessMemory был выполнен только частично. (0x12B)
[0516/165552.835:ERROR:process_memory_win.cc(73)] ReadMemory at 0x256a1171720 of 132 bytes failed: Запрос ReadProcessMemory или WriteProcessMemory был выполнен только частично. (0x12B)
[0516/165552.836:ERROR:process_memory_win.cc(73)] ReadMemory at 0x256a1171960 of 78 bytes failed: Запрос ReadProcessMemory или WriteProcessMemory был выполнен только частично. (0x12B)
[0516/165552.836:ERROR:process_memory_win.cc(73)] ReadMemory at 0x256a1171c00 of 80 bytes failed: Запрос ReadProcessMemory или WriteProcessMemory был выполнен только частично. (0x12B)
[0516/165552.836:ERROR:process_memory_win.cc(73)] ReadMemory at 0x256a1171de0 of 76 bytes failed: Запрос ReadProcessMemory или WriteProcessMemory был выполнен только частично. (0x12B)
[0516/165552.836:ERROR:process_memory_win.cc(73)] ReadMemory at 0x256a1172250 of 132 bytes failed: Запрос ReadProcessMemory или WriteProcessMemory был выполнен только частично. (0x12B)
[0516/165552.836:ERROR:process_memory_win.cc(73)] ReadMemory at 0x256a1172300 of 512 bytes failed: Запрос ReadProcessMemory или WriteProcessMemory был выполнен только частично. (0x12B)
[0516/165552.836:ERROR:process_memory_win.cc(73)] ReadMemory at 0x256a1172730 of 132 bytes failed: Запрос ReadProcessMemory или WriteProcessMemory был выполнен только частично. (0x12B)
[0516/165552.836:ERROR:process_memory_win.cc(73)] ReadMemory at 0x256a11728b0 of 64 bytes failed: Запрос ReadProcessMemory или WriteProcessMemory был выполнен только частично. (0x12B)
[0516/165552.836:ERROR:process_memory_win.cc(73)] ReadMemory at 0x256a1172900 of 60 bytes failed: Запрос ReadProcessMemory или WriteProcessMemory был выполнен только частично. (0x12B)
[0516/165552.836:ERROR:process_memory_win.cc(73)] ReadMemory at 0x256a1172950 of 60 bytes failed: Запрос ReadProcessMemory или WriteProcessMemory был выполнен только частично. (0x12B)
[0516/165552.839:ERROR:process_memory_win.cc(73)] ReadMemory at 0x256a11729a0 of 64 bytes failed: Запрос ReadProcessMemory или WriteProcessMemory был выполнен только частично. (0x12B)
[0516/165552.839:ERROR:process_memory_win.cc(73)] ReadMemory at 0x256a11729f0 of 62 bytes failed: Запрос ReadProcessMemory или WriteProcessMemory был выполнен только частично. (0x12B)
[0516/165552.840:ERROR:process_memory_win.cc(73)] ReadMemory at 0x256a1172b80 of 62 bytes failed: Запрос ReadProcessMemory или WriteProcessMemory был выполнен только частично. (0x12B)
[0516/165552.840:ERROR:process_memory_win.cc(73)] ReadMemory at 0x256a1172bd0 of 60 bytes failed: Запрос ReadProcessMemory или WriteProcessMemory был выполнен только частично. (0x12B)
[0516/165552.840:ERROR:process_memory_win.cc(73)] ReadMemory at 0x256a1172c20 of 66 bytes failed: Запрос ReadProcessMemory или WriteProcessMemory был выполнен только частично. (0x12B)
[0516/165552.840:ERROR:process_memory_win.cc(73)] ReadMemory at 0x256a1172cc0 of 62 bytes failed: Запрос ReadProcessMemory или WriteProcessMemory был выполнен только частично. (0x12B)
[0516/165552.840:ERROR:process_memory_win.cc(73)] ReadMemory at 0x256a1172e50 of 58 bytes failed: Запрос ReadProcessMemory или WriteProcessMemory был выполнен только частично. (0x12B)
[0516/165552.840:ERROR:process_memory_win.cc(73)] ReadMemory at 0x256a1172ea0 of 62 bytes failed: Запрос ReadProcessMemory или WriteProcessMemory был выполнен только частично. (0x12B)
[0516/165552.840:ERROR:process_memory_win.cc(73)] ReadMemory at 0x256a1172ef0 of 66 bytes failed: Запрос ReadProcessMemory или WriteProcessMemory был выполнен только частично. (0x12B)
[0516/165552.840:ERROR:process_memory_win.cc(73)] ReadMemory at 0x256a1172f40 of 58 bytes failed: Запрос ReadProcessMemory или WriteProcessMemory был выполнен только частично. (0x12B)
[0516/165552.840:ERROR:process_memory_win.cc(73)] ReadMemory at 0x256a1172f90 of 66 bytes failed: Запрос ReadProcessMemory или WriteProcessMemory был выполнен только частично. (0x12B)
[0516/165552.840:ERROR:process_memory_win.cc(73)] ReadMemory at 0x256a1172fe0 of 62 bytes failed: Запрос ReadProcessMemory или WriteProcessMemory был выполнен только частично. (0x12B)
[0516/165552.840:ERROR:process_memory_win.cc(73)] ReadMemory at 0x256a1174190 of 132 bytes failed: Запрос ReadProcessMemory или WriteProcessMemory был выполнен только частично. (0x12B)
[0516/165552.840:ERROR:process_memory_win.cc(73)] ReadMemory at 0x256a11742c0 of 158 bytes failed: Запрос ReadProcessMemory или WriteProcessMemory был выполнен только частично. (0x12B)
[0516/165552.840:ERROR:process_memory_win.cc(73)] ReadMemory at 0x256a11743e0 of 132 bytes failed: Запрос ReadProcessMemory или WriteProcessMemory был выполнен только частично. (0x12B)
[0516/165552.840:ERROR:process_memory_win.cc(73)] ReadMemory at 0x256a1174510 of 132 bytes failed: Запрос ReadProcessMemory или WriteProcessMemory был выполнен только частично. (0x12B)
[0516/165552.840:ERROR:process_memory_win.cc(73)] ReadMemory at 0x256a1174640 of 132 bytes failed: Запрос ReadProcessMemory или WriteProcessMemory был выполнен только частично. (0x12B)
[0516/165552.840:ERROR:process_memory_win.cc(73)] ReadMemory at 0x256a1174770 of 132 bytes failed: Запрос ReadProcessMemory или WriteProcessMemory был выполнен только частично. (0x12B)
[0516/165552.840:ERROR:process_memory_win.cc(73)] ReadMemory at 0x256a11748a0 of 132 bytes failed: Запрос ReadProcessMemory или WriteProcessMemory был выполнен только частично. (0x12B)
[0516/165552.840:ERROR:process_memory_win.cc(73)] ReadMemory at 0x256a11749d0 of 132 bytes failed: Запрос ReadProcessMemory или WriteProcessMemory был выполнен только частично. (0x12B)
[0516/165552.840:ERROR:process_memory_win.cc(73)] ReadMemory at 0x256a1174b00 of 132 bytes failed: Запрос ReadProcessMemory или WriteProcessMemory был выполнен только частично. (0x12B)
[0516/165552.840:ERROR:process_memory_win.cc(73)] ReadMemory at 0x256a1174c30 of 132 bytes failed: Запрос ReadProcessMemory или WriteProcessMemory был выполнен только частично. (0x12B)
[0516/165552.840:ERROR:process_memory_win.cc(73)] ReadMemory at 0x256a1174d60 of 132 bytes failed: Запрос ReadProcessMemory или WriteProcessMemory был выполнен только частично. (0x12B)
[0516/165552.840:ERROR:process_memory_win.cc(73)] ReadMemory at 0x256a1174e90 of 132 bytes failed: Запрос ReadProcessMemory или WriteProcessMemory был выполнен только частично. (0x12B)
[0516/165552.840:ERROR:process_memory_win.cc(73)] ReadMemory at 0x256a1174fc0 of 132 bytes failed: Запрос ReadProcessMemory или WriteProcessMemory был выполнен только частично. (0x12B)
[0516/165552.840:ERROR:process_memory_win.cc(73)] ReadMemory at 0x256a11750f0 of 132 bytes failed: Запрос ReadProcessMemory или WriteProcessMemory был выполнен только частично. (0x12B)
[0516/165552.840:ERROR:process_memory_win.cc(73)] ReadMemory at 0x256a1175220 of 132 bytes failed: Запрос ReadProcessMemory или WriteProcessMemory был выполнен только частично. (0x12B)
[0516/165552.840:ERROR:process_memory_win.cc(73)] ReadMemory at 0x256a117540c of 512 bytes failed: Запрос ReadProcessMemory или WriteProcessMemory был выполнен только частично. (0x12B)
[0516/165552.840:ERROR:process_memory_win.cc(73)] ReadMemory at 0x256a1176d00 of 154 bytes failed: Запрос ReadProcessMemory или WriteProcessMemory был выполнен только частично. (0x12B)
[0516/165552.840:ERROR:process_memory_win.cc(73)] ReadMemory at 0x256a1177cb0 of 194 bytes failed: Запрос ReadProcessMemory или WriteProcessMemory был выполнен только частично. (0x12B)
[0516/165552.840:ERROR:process_memory_win.cc(73)] ReadMemory at 0x256a1177e50 of 194 bytes failed: Запрос ReadProcessMemory или WriteProcessMemory был выполнен только частично. (0x12B)
[0516/165552.840:ERROR:process_memory_win.cc(73)] ReadMemory at 0x256a1178610 of 132 bytes failed: Запрос ReadProcessMemory или WriteProcessMemory был выполнен только частично. (0x12B)
[0516/165552.840:ERROR:process_memory_win.cc(73)] ReadMemory at 0x256a1178740 of 132 bytes failed: Запрос ReadProcessMemory или WriteProcessMemory был выполнен только частично. (0x12B)
[0516/165552.845:ERROR:process_memory_win.cc(73)] ReadMemory at 0x256a1178870 of 132 bytes failed: Запрос ReadProcessMemory или WriteProcessMemory был выполнен только частично. (0x12B)
[0516/165552.845:ERROR:process_memory_win.cc(73)] ReadMemory at 0x256a11789a0 of 132 bytes failed: Запрос ReadProcessMemory или WriteProcessMemory был выполнен только частично. (0x12B)
[0516/165552.845:ERROR:process_memory_win.cc(73)] ReadMemory at 0x256a1178ad0 of 132 bytes failed: Запрос ReadProcessMemory или WriteProcessMemory был выполнен только частично. (0x12B)
[0516/165552.845:ERROR:process_memory_win.cc(73)] ReadMemory at 0x256a1178c00 of 132 bytes failed: Запрос ReadProcessMemory или WriteProcessMemory был выполнен только частично. (0x12B)
[0516/165552.845:ERROR:process_memory_win.cc(73)] ReadMemory at 0x256a1178d30 of 132 bytes failed: Запрос ReadProcessMemory или WriteProcessMemory был выполнен только частично. (0x12B)
[0516/165552.845:ERROR:process_memory_win.cc(73)] ReadMemory at 0x256a1178e60 of 132 bytes failed: Запрос ReadProcessMemory или WriteProcessMemory был выполнен только частично. (0x12B)
[0516/165552.845:ERROR:process_memory_win.cc(73)] ReadMemory at 0x256a1178f90 of 132 bytes failed: Запрос ReadProcessMemory или WriteProcessMemory был выполнен только частично. (0x12B)
[0516/165552.845:ERROR:process_memory_win.cc(73)] ReadMemory at 0x256a11790c0 of 132 bytes failed: Запрос ReadProcessMemory или WriteProcessMemory был выполнен только частично. (0x12B)
[0516/165552.845:ERROR:process_memory_win.cc(73)] ReadMemory at 0x256a11791f0 of 132 bytes failed: Запрос ReadProcessMemory или WriteProcessMemory был выполнен только частично. (0x12B)
[0516/165552.846:ERROR:process_memory_win.cc(73)] ReadMemory at 0x256a1179320 of 132 bytes failed: Запрос ReadProcessMemory или WriteProcessMemory был выполнен только частично. (0x12B)
[0516/165552.846:ERROR:process_memory_win.cc(73)] ReadMemory at 0x256a1179450 of 132 bytes failed: Запрос ReadProcessMemory или WriteProcessMemory был выполнен только частично. (0x12B)
[0516/165552.846:ERROR:process_memory_win.cc(73)] ReadMemory at 0x256a1179580 of 132 bytes failed: Запрос ReadProcessMemory или WriteProcessMemory был выполнен только частично. (0x12B)
[0516/165552.846:ERROR:process_memory_win.cc(73)] ReadMemory at 0x256a11796b0 of 132 bytes failed: Запрос ReadProcessMemory или WriteProcessMemory был выполнен только частично. (0x12B)
[0516/165552.846:ERROR:process_memory_win.cc(73)] ReadMemory at 0x256a11797e0 of 132 bytes failed: Запрос ReadProcessMemory или WriteProcessMemory был выполнен только частично. (0x12B)
[0516/165552.846:ERROR:process_memory_win.cc(73)] ReadMemory at 0x256a1179910 of 132 bytes failed: Запрос ReadProcessMemory или WriteProcessMemory был выполнен только частично. (0x12B)
[0516/165552.846:ERROR:process_memory_win.cc(73)] ReadMemory at 0x256a1179a40 of 132 bytes failed: Запрос ReadProcessMemory или WriteProcessMemory был выполнен только частично. (0x12B)
[0516/165552.846:ERROR:process_memory_win.cc(73)] ReadMemory at 0x256a1179b70 of 132 bytes failed: Запрос ReadProcessMemory или WriteProcessMemory был выполнен только частично. (0x12B)
[0516/165552.846:ERROR:process_memory_win.cc(73)] ReadMemory at 0x256a1179ca0 of 132 bytes failed: Запрос ReadProcessMemory или WriteProcessMemory был выполнен только частично. (0x12B)
[0516/165552.846:ERROR:process_memory_win.cc(73)] ReadMemory at 0x256a1179dd0 of 132 bytes failed: Запрос ReadProcessMemory или WriteProcessMemory был выполнен только частично. (0x12B)
[0516/165552.846:ERROR:process_memory_win.cc(73)] ReadMemory at 0x256a1179f00 of 132 bytes failed: Запрос ReadProcessMemory или WriteProcessMemory был выполнен только частично. (0x12B)
[0516/165552.847:ERROR:process_memory_win.cc(73)] ReadMemory at 0x256a117a030 of 132 bytes failed: Запрос ReadProcessMemory или WriteProcessMemory был выполнен только частично. (0x12B)
[0516/165552.847:ERROR:process_memory_win.cc(73)] ReadMemory at 0x256a117a160 of 132 bytes failed: Запрос ReadProcessMemory или WriteProcessMemory был выполнен только частично. (0x12B)
[0516/165552.848:ERROR:process_memory_win.cc(73)] ReadMemory at 0x256a117a290 of 132 bytes failed: Запрос ReadProcessMemory или WriteProcessMemory был выполнен только частично. (0x12B)
[0516/165552.848:ERROR:process_memory_win.cc(73)] ReadMemory at 0x256a117a3c0 of 132 bytes failed: Запрос ReadProcessMemory или WriteProcessMemory был выполнен только частично. (0x12B)
[0516/165552.848:ERROR:process_memory_win.cc(73)] ReadMemory at 0x256a117d550 of 80 bytes failed: Запрос ReadProcessMemory или WriteProcessMemory был выполнен только частично. (0x12B)
[0516/165552.848:ERROR:process_memory_win.cc(73)] ReadMemory at 0x256a117d930 of 58 bytes failed: Запрос ReadProcessMemory или WriteProcessMemory был выполнен только частично. (0x12B)
[0516/165552.848:ERROR:process_memory_win.cc(73)] ReadMemory at 0x256a117ded0 of 66 bytes failed: Запрос ReadProcessMemory или WriteProcessMemory был выполнен только частично. (0x12B)
[0516/165552.848:ERROR:process_memory_win.cc(73)] ReadMemory at 0x256a1181110 of 54 bytes failed: Запрос ReadProcessMemory или WriteProcessMemory был выполнен только частично. (0x12B)
[0516/165552.848:ERROR:process_memory_win.cc(73)] ReadMemory at 0x256a118c750 of 60 bytes failed: Запрос ReadProcessMemory или WriteProcessMemory был выполнен только частично. (0x12B)
[0516/165552.848:ERROR:process_memory_win.cc(73)] ReadMemory at 0x256a118c7f0 of 60 bytes failed: Запрос ReadProcessMemory или WriteProcessMemory был выполнен только частично. (0x12B)
[0516/165552.848:ERROR:process_memory_win.cc(73)] ReadMemory at 0x256a118c890 of 58 bytes failed: Запрос ReadProcessMemory или WriteProcessMemory был выполнен только частично. (0x12B)
[0516/165552.848:ERROR:process_memory_win.cc(73)] ReadMemory at 0x256a118c8e0 of 62 bytes failed: Запрос ReadProcessMemory или WriteProcessMemory был выполнен только частично. (0x12B)
[0516/165552.848:ERROR:process_memory_win.cc(73)] ReadMemory at 0x256a118ca20 of 62 bytes failed: Запрос ReadProcessMemory или WriteProcessMemory был выполнен только частично. (0x12B)
[0516/165552.848:ERROR:process_memory_win.cc(73)] ReadMemory at 0x256a118cc00 of 58 bytes failed: Запрос ReadProcessMemory или WriteProcessMemory был выполнен только частично. (0x12B)
[0516/165552.848:ERROR:process_memory_win.cc(73)] ReadMemory at 0x256a118ccf0 of 64 bytes failed: Запрос ReadProcessMemory или WriteProcessMemory был выполнен только частично. (0x12B)
[0516/165552.849:ERROR:process_memory_win.cc(73)] ReadMemory at 0x256a118cd40 of 62 bytes failed: Запрос ReadProcessMemory или WriteProcessMemory был выполнен только частично. (0x12B)
[0516/165552.849:ERROR:process_memory_win.cc(73)] ReadMemory at 0x256a118cd90 of 60 bytes failed: Запрос ReadProcessMemory или WriteProcessMemory был выполнен только частично. (0x12B)
[0516/165552.849:ERROR:process_memory_win.cc(73)] ReadMemory at 0x256a118cde0 of 56 bytes failed: Запрос ReadProcessMemory или WriteProcessMemory был выполнен только частично. (0x12B)
[0516/165552.849:ERROR:process_memory_win.cc(73)] ReadMemory at 0x256a118ce30 of 62 bytes failed: Запрос ReadProcessMemory или WriteProcessMemory был выполнен только частично. (0x12B)
[0516/165552.849:ERROR:process_memory_win.cc(73)] ReadMemory at 0x256a118ce80 of 64 bytes failed: Запрос ReadProcessMemory или WriteProcessMemory был выполнен только частично. (0x12B)
[0516/165552.849:ERROR:process_memory_win.cc(73)] ReadMemory at 0x256a118ced0 of 60 bytes failed: Запрос ReadProcessMemory или WriteProcessMemory был выполнен только частично. (0x12B)
[0516/165552.849:ERROR:process_memory_win.cc(73)] ReadMemory at 0x256a118cf20 of 60 bytes failed: Запрос ReadProcessMemory или WriteProcessMemory был выполнен только частично. (0x12B)
[0516/165552.849:ERROR:process_memory_win.cc(73)] ReadMemory at 0x256a118cf70 of 64 bytes failed: Запрос ReadProcessMemory или WriteProcessMemory был выполнен только частично. (0x12B)
[0516/165552.849:ERROR:process_memory_win.cc(73)] ReadMemory at 0x256a118d010 of 64 bytes failed: Запрос ReadProcessMemory или WriteProcessMemory был выполнен только частично. (0x12B)
[0516/165552.849:ERROR:process_memory_win.cc(73)] ReadMemory at 0x256a118d060 of 64 bytes failed: Запрос ReadProcessMemory или WriteProcessMemory был выполнен только частично. (0x12B)
[0516/165552.849:ERROR:process_memory_win.cc(73)] ReadMemory at 0x256a118d1a0 of 60 bytes failed: Запрос ReadProcessMemory или WriteProcessMemory был выполнен только частично. (0x12B)
[0516/165552.849:ERROR:process_memory_win.cc(73)] ReadMemory at 0x256a118d380 of 62 bytes failed: Запрос ReadProcessMemory или WriteProcessMemory был выполнен только частично. (0x12B)
[0516/165552.849:ERROR:process_memory_win.cc(73)] ReadMemory at 0x256a118d3d0 of 64 bytes failed: Запрос ReadProcessMemory или WriteProcessMemory был выполнен только частично. (0x12B)
[0516/165552.849:ERROR:process_memory_win.cc(73)] ReadMemory at 0x256a118d420 of 62 bytes failed: Запрос ReadProcessMemory или WriteProcessMemory был выполнен только частично. (0x12B)
[0516/165552.849:ERROR:process_memory_win.cc(73)] ReadMemory at 0x256a118d470 of 64 bytes failed: Запрос ReadProcessMemory или WriteProcessMemory был выполнен только частично. (0x12B)
[0516/165552.849:ERROR:process_memory_win.cc(73)] ReadMemory at 0x256a118d4c0 of 64 bytes failed: Запрос ReadProcessMemory или WriteProcessMemory был выполнен только частично. (0x12B)
[0516/165552.849:ERROR:process_memory_win.cc(73)] ReadMemory at 0x256a118d560 of 62 bytes failed: Запрос ReadProcessMemory или WriteProcessMemory был выполнен только частично. (0x12B)
[0516/165552.849:ERROR:process_memory_win.cc(73)] ReadMemory at 0x256a118ea00 of 182 bytes failed: Запрос ReadProcessMemory или WriteProcessMemory был выполнен только частично. (0x12B)
[0516/165552.849:ERROR:process_memory_win.cc(73)] ReadMemory at 0x256a118f3a0 of 246 bytes failed: Запрос ReadProcessMemory или WriteProcessMemory был выполнен только частично. (0x12B)
[0516/165552.849:ERROR:process_memory_win.cc(73)] ReadMemory at 0x256a11910a0 of 132 bytes failed: Запрос ReadProcessMemory или WriteProcessMemory был выполнен только частично. (0x12B)
[0516/165552.849:ERROR:process_memory_win.cc(73)] ReadMemory at 0x256a11911d0 of 132 bytes failed: Запрос ReadProcessMemory или WriteProcessMemory был выполнен только частично. (0x12B)
[0516/165552.849:ERROR:process_memory_win.cc(73)] ReadMemory at 0x256a1191300 of 132 bytes failed: Запрос ReadProcessMemory или WriteProcessMemory был выполнен только частично. (0x12B)
[0516/165552.849:ERROR:process_memory_win.cc(73)] ReadMemory at 0x256a1191430 of 132 bytes failed: Запрос ReadProcessMemory или WriteProcessMemory был выполнен только частично. (0x12B)
[0516/165552.849:ERROR:process_memory_win.cc(73)] ReadMemory at 0x256a1191560 of 132 bytes failed: Запрос ReadProcessMemory или WriteProcessMemory был выполнен только частично. (0x12B)
[0516/165552.849:ERROR:process_memory_win.cc(73)] ReadMemory at 0x256a1191690 of 132 bytes failed: Запрос ReadProcessMemory или WriteProcessMemory был выполнен только частично. (0x12B)
[0516/165552.849:ERROR:process_memory_win.cc(73)] ReadMemory at 0x256a11918f0 of 132 bytes failed: Запрос ReadProcessMemory или WriteProcessMemory был выполнен только частично. (0x12B)
[0516/165552.849:ERROR:process_memory_win.cc(73)] ReadMemory at 0x256a1191b50 of 132 bytes failed: Запрос ReadProcessMemory или WriteProcessMemory был выполнен только частично. (0x12B)
[0516/165552.849:ERROR:process_memory_win.cc(73)] ReadMemory at 0x256a1191c80 of 132 bytes failed: Запрос ReadProcessMemory или WriteProcessMemory был выполнен только частично. (0x12B)
[0516/165552.849:ERROR:process_memory_win.cc(73)] ReadMemory at 0x256a1191db0 of 132 bytes failed: Запрос ReadProcessMemory или WriteProcessMemory был выполнен только частично. (0x12B)
[0516/165552.849:ERROR:process_memory_win.cc(73)] ReadMemory at 0x256a1191ee0 of 132 bytes failed: Запрос ReadProcessMemory или WriteProcessMemory был выполнен только частично. (0x12B)
[0516/165552.849:ERROR:process_memory_win.cc(73)] ReadMemory at 0x256a1192010 of 132 bytes failed: Запрос ReadProcessMemory или WriteProcessMemory был выполнен только частично. (0x12B)
[0516/165552.849:ERROR:process_memory_win.cc(73)] ReadMemory at 0x256a1192140 of 132 bytes failed: Запрос ReadProcessMemory или WriteProcessMemory был выполнен только частично. (0x12B)
[0516/165552.849:ERROR:process_memory_win.cc(73)] ReadMemory at 0x256a1192270 of 132 bytes failed: Запрос ReadProcessMemory или WriteProcessMemory был выполнен только частично. (0x12B)
[0516/165552.849:ERROR:process_memory_win.cc(73)] ReadMemory at 0x256a11923a0 of 132 bytes failed: Запрос ReadProcessMemory или WriteProcessMemory был выполнен только частично. (0x12B)
[0516/165552.849:ERROR:process_memory_win.cc(73)] ReadMemory at 0x256a11924d0 of 132 bytes failed: Запрос ReadProcessMemory или WriteProcessMemory был выполнен только частично. (0x12B)
[0516/165552.849:ERROR:process_memory_win.cc(73)] ReadMemory at 0x256a1192600 of 132 bytes failed: Запрос ReadProcessMemory или WriteProcessMemory был выполнен только частично. (0x12B)
[0516/165552.849:ERROR:process_memory_win.cc(73)] ReadMemory at 0x256a1192730 of 132 bytes failed: Запрос ReadProcessMemory или WriteProcessMemory был выполнен только частично. (0x12B)
[0516/165552.849:ERROR:process_memory_win.cc(73)] ReadMemory at 0x256a1192860 of 132 bytes failed: Запрос ReadProcessMemory или WriteProcessMemory был выполнен только частично. (0x12B)
[0516/165552.849:ERROR:process_memory_win.cc(73)] ReadMemory at 0x256a1192990 of 132 bytes failed: Запрос ReadProcessMemory или WriteProcessMemory был выполнен только частично. (0x12B)
[0516/165552.849:ERROR:process_memory_win.cc(73)] ReadMemory at 0x256a1192ac0 of 132 bytes failed: Запрос ReadProcessMemory или WriteProcessMemory был выполнен только частично. (0x12B)
[0516/165552.849:ERROR:process_memory_win.cc(73)] ReadMemory at 0x256a1192bf0 of 132 bytes failed: Запрос ReadProcessMemory или WriteProcessMemory был выполнен только частично. (0x12B)
[0516/165552.849:ERROR:process_memory_win.cc(73)] ReadMemory at 0x256a1192d20 of 132 bytes failed: Запрос ReadProcessMemory или WriteProcessMemory был выполнен только частично. (0x12B)
[0516/165552.849:ERROR:process_memory_win.cc(73)] ReadMemory at 0x256a1192e50 of 132 bytes failed: Запрос ReadProcessMemory или WriteProcessMemory был выполнен только частично. (0x12B)
[0516/165552.849:ERROR:process_memory_win.cc(73)] ReadMemory at 0x256a1197f20 of 52 bytes failed: Запрос ReadProcessMemory или WriteProcessMemory был выполнен только частично. (0x12B)
[0516/165552.849:ERROR:process_memory_win.cc(73)] ReadMemory at 0x256a119c5c0 of 60 bytes failed: Запрос ReadProcessMemory или WriteProcessMemory был выполнен только частично. (0x12B)
[0516/165552.849:ERROR:process_memory_win.cc(73)] ReadMemory at 0x256a119ca20 of 70 bytes failed: Запрос ReadProcessMemory или WriteProcessMemory был выполнен только частично. (0x12B)
[0516/165552.849:ERROR:process_memory_win.cc(73)] ReadMemory at 0x256a119ce30 of 62 bytes failed: Запрос ReadProcessMemory или WriteProcessMemory был выполнен только частично. (0x12B)
[0516/165552.849:ERROR:process_memory_win.cc(73)] ReadMemory at 0x256a119cfc0 of 64 bytes failed: Запрос ReadProcessMemory или WriteProcessMemory был выполнен только частично. (0x12B)
[0516/165552.849:ERROR:process_memory_win.cc(73)] ReadMemory at 0x256a119d060 of 60 bytes failed: Запрос ReadProcessMemory или WriteProcessMemory был выполнен только частично. (0x12B)
[0516/165552.849:ERROR:process_memory_win.cc(73)] ReadMemory at 0x256a11b6a30 of 72 bytes failed: Запрос ReadProcessMemory или WriteProcessMemory был выполнен только частично. (0x12B)
[0516/165552.849:ERROR:process_memory_win.cc(73)] ReadMemory at 0x256a11b7690 of 76 bytes failed: Запрос ReadProcessMemory или WriteProcessMemory был выполнен только частично. (0x12B)
[0516/165552.853:ERROR:process_memory_win.cc(73)] ReadMemory at 0x256a11b83e0 of 62 bytes failed: Запрос ReadProcessMemory или WriteProcessMemory был выполнен только частично. (0x12B)
[0516/165552.853:ERROR:process_memory_win.cc(73)] ReadMemory at 0x256a11b87f0 of 68 bytes failed: Запрос ReadProcessMemory или WriteProcessMemory был выполнен только частично. (0x12B)
[0516/165552.853:ERROR:process_memory_win.cc(73)] ReadMemory at 0x256a11b88e0 of 60 bytes failed: Запрос ReadProcessMemory или WriteProcessMemory был выполнен только частично. (0x12B)
[0516/165552.853:ERROR:process_memory_win.cc(73)] ReadMemory at 0x256a11b8d40 of 56 bytes failed: Запрос ReadProcessMemory или WriteProcessMemory был выполнен только частично. (0x12B)
[0516/165552.853:ERROR:process_memory_win.cc(73)] ReadMemory at 0x256a11b8fc0 of 58 bytes failed: Запрос ReadProcessMemory или WriteProcessMemory был выполнен только частично. (0x12B)
[0516/165552.853:ERROR:process_memory_win.cc(73)] ReadMemory at 0x256a11bbc70 of 126 bytes failed: Запрос ReadProcessMemory или WriteProcessMemory был выполнен только частично. (0x12B)
[0516/165552.853:ERROR:process_memory_win.cc(73)] ReadMemory at 0x256a11d01d0 of 60 bytes failed: Запрос ReadProcessMemory или WriteProcessMemory был выполнен только частично. (0x12B)
[0516/165552.853:ERROR:process_memory_win.cc(73)] ReadMemory at 0x256a11d0270 of 58 bytes failed: Запрос ReadProcessMemory или WriteProcessMemory был выполнен только частично. (0x12B)
[0516/165552.853:ERROR:process_memory_win.cc(73)] ReadMemory at 0x256a11d0400 of 58 bytes failed: Запрос ReadProcessMemory или WriteProcessMemory был выполнен только частично. (0x12B)
[0516/165552.853:ERROR:process_memory_win.cc(73)] ReadMemory at 0x256a11d0e50 of 60 bytes failed: Запрос ReadProcessMemory или WriteProcessMemory был выполнен только частично. (0x12B)
[0516/165552.854:ERROR:process_memory_win.cc(73)] ReadMemory at 0x256a11e02a0 of 132 bytes failed: Запрос ReadProcessMemory или WriteProcessMemory был выполнен только частично. (0x12B)
[0516/165552.854:ERROR:process_memory_win.cc(73)] ReadMemory at 0x256a11e03d0 of 132 bytes failed: Запрос ReadProcessMemory или WriteProcessMemory был выполнен только частично. (0x12B)
[0516/165552.854:ERROR:process_memory_win.cc(73)] ReadMemory at 0x256a11e0500 of 132 bytes failed: Запрос ReadProcessMemory или WriteProcessMemory был выполнен только частично. (0x12B)
[0516/165552.854:ERROR:process_memory_win.cc(73)] ReadMemory at 0x256a11e10e0 of 132 bytes failed: Запрос ReadProcessMemory или WriteProcessMemory был выполнен только частично. (0x12B)
[0516/165552.854:ERROR:process_memory_win.cc(73)] ReadMemory at 0x256a11e1340 of 132 bytes failed: Запрос ReadProcessMemory или WriteProcessMemory был выполнен только частично. (0x12B)
[0516/165552.854:ERROR:process_memory_win.cc(73)] ReadMemory at 0x256a11e1800 of 132 bytes failed: Запрос ReadProcessMemory или WriteProcessMemory был выполнен только частично. (0x12B)
[0516/165552.854:ERROR:process_memory_win.cc(73)] ReadMemory at 0x256a11e1b90 of 132 bytes failed: Запрос ReadProcessMemory или WriteProcessMemory был выполнен только частично. (0x12B)
[0516/165552.854:ERROR:process_memory_win.cc(73)] ReadMemory at 0x256a11e1cc0 of 132 bytes failed: Запрос ReadProcessMemory или WriteProcessMemory был выполнен только частично. (0x12B)
[0516/165552.854:ERROR:process_memory_win.cc(73)] ReadMemory at 0x256a1215840 of 512 bytes failed: Запрос ReadProcessMemory или WriteProcessMemory был выполнен только частично. (0x12B)
[0516/165552.854:ERROR:process_memory_win.cc(73)] ReadMemory at 0x256a1217b90 of 62 bytes failed: Запрос ReadProcessMemory или WriteProcessMemory был выполнен только частично. (0x12B)
[0516/165552.855:ERROR:process_memory_win.cc(73)] ReadMemory at 0x256a1218180 of 64 bytes failed: Запрос ReadProcessMemory или WriteProcessMemory был выполнен только частично. (0x12B)
[0516/165552.855:ERROR:process_memory_win.cc(73)] ReadMemory at 0x256a12181d0 of 68 bytes failed: Запрос ReadProcessMemory или WriteProcessMemory был выполнен только частично. (0x12B)
[0516/165552.855:ERROR:process_memory_win.cc(73)] ReadMemory at 0x256a1322800 of 512 bytes failed: Запрос ReadProcessMemory или WriteProcessMemory был выполнен только частично. (0x12B)
[0516/165552.855:ERROR:process_memory_win.cc(73)] ReadMemory at 0x256a183a710 of 512 bytes failed: Запрос ReadProcessMemory или WriteProcessMemory был выполнен только частично. (0x12B)
[0516/165552.855:ERROR:process_memory_win.cc(73)] ReadMemory at 0x256a2df0000 of 384 bytes failed: Запрос ReadProcessMemory или WriteProcessMemory был выполнен только частично. (0x12B)
[0516/165552.855:ERROR:process_memory_win.cc(73)] ReadMemory at 0x256a2e15f00 of 512 bytes failed: Запрос ReadProcessMemory или WriteProcessMemory был выполнен только частично. (0x12B)
[0516/165552.855:ERROR:process_memory_win.cc(73)] ReadMemory at 0x256a2e272e0 of 512 bytes failed: Запрос ReadProcessMemory или WriteProcessMemory был выполнен только частично. (0x12B)
[0516/165552.855:ERROR:process_memory_win.cc(73)] ReadMemory at 0x256a2e3dbb4 of 512 bytes failed: Запрос ReadProcessMemory или WriteProcessMemory был выполнен только частично. (0x12B)
[0516/165552.855:ERROR:process_memory_win.cc(73)] ReadMemory at 0x256a2e43f50 of 512 bytes failed: Запрос ReadProcessMemory или WriteProcessMemory был выполнен только частично. (0x12B)
[0516/165552.855:ERROR:process_memory_win.cc(73)] ReadMemory at 0x256a9d5c390 of 66 bytes failed: Запрос ReadProcessMemory или WriteProcessMemory был выполнен только частично. (0x12B)
[0516/165552.855:ERROR:process_memory_win.cc(73)] ReadMemory at 0x256a9d7ed80 of 512 bytes failed: Запрос ReadProcessMemory или WriteProcessMemory был выполнен только частично. (0x12B)
[0516/165552.855:ERROR:process_memory_win.cc(73)] ReadMemory at 0x256a9d86230 of 512 bytes failed: Запрос ReadProcessMemory или WriteProcessMemory был выполнен только частично. (0x12B)
[0516/165552.855:ERROR:process_memory_win.cc(73)] ReadMemory at 0x256a9da2480 of 512 bytes failed: Запрос ReadProcessMemory или WriteProcessMemory был выполнен только частично. (0x12B)
[0516/165552.855:ERROR:process_memory_win.cc(73)] ReadMemory at 0x256a9dc8b60 of 62 bytes failed: Запрос ReadProcessMemory или WriteProcessMemory был выполнен только частично. (0x12B)
[0516/165552.855:ERROR:process_memory_win.cc(73)] ReadMemory at 0x256ac567000 of 512 bytes failed: Запрос ReadProcessMemory или WriteProcessMemory был выполнен только частично. (0x12B)
[0516/165552.855:ERROR:process_memory_win.cc(73)] ReadMemory at 0x256acdd7708 of 512 bytes failed: Запрос ReadProcessMemory или WriteProcessMemory был выполнен только частично. (0x12B)
[0516/165552.855:ERROR:process_memory_win.cc(73)] ReadMemory at 0x256acddc3f8 of 512 bytes failed: Запрос ReadProcessMemory или WriteProcessMemory был выполнен только частично. (0x12B)
[0516/165552.855:ERROR:process_memory_win.cc(73)] ReadMemory at 0x256acdeda20 of 544 bytes failed: Запрос ReadProcessMemory или WriteProcessMemory был выполнен только частично. (0x12B)
[0516/165552.855:ERROR:process_memory_win.cc(73)] ReadMemory at 0x256acdf4a98 of 512 bytes failed: Запрос ReadProcessMemory или WriteProcessMemory был выполнен только частично. (0x12B)
[0516/165552.855:ERROR:process_memory_win.cc(73)] ReadMemory at 0x256acdf9581 of 512 bytes failed: Запрос ReadProcessMemory или WriteProcessMemory был выполнен только частично. (0x12B)
[0516/165552.855:ERROR:process_memory_win.cc(73)] ReadMemory at 0x256acdfc3f8 of 512 bytes failed: Запрос ReadProcessMemory или WriteProcessMemory был выполнен только частично. (0x12B)
[0516/165552.855:ERROR:process_memory_win.cc(73)] ReadMemory at 0x256ad5e18d0 of 512 bytes failed: Запрос ReadProcessMemory или WriteProcessMemory был выполнен только частично. (0x12B)
[0516/165552.855:ERROR:process_memory_win.cc(73)] ReadMemory at 0x256b3a75f90 of 512 bytes failed: Запрос ReadProcessMemory или WriteProcessMemory был выполнен только частично. (0x12B)
[0516/165552.855:ERROR:process_memory_win.cc(73)] ReadMemory at 0x7ff85cc9306f of 512 bytes failed: Запрос ReadProcessMemory или WriteProcessMemory был выполнен только частично. (0x12B)
[0516/165552.855:ERROR:process_memory_win.cc(73)] ReadMemory at 0x7ff85f489d20 of 512 bytes failed: Запрос ReadProcessMemory или WriteProcessMemory был выполнен только частично. (0x12B)
[0516/165552.855:ERROR:process_memory_win.cc(73)] ReadMemory at 0x7ff85f570dd8 of 512 bytes failed: Запрос ReadProcessMemory или WriteProcessMemory был выполнен только частично. (0x12B)
[0516/165552.855:ERROR:process_memory_win.cc(73)] ReadMemory at 0x7ff89fe70000 of 384 bytes failed: Запрос ReadProcessMemory или WriteProcessMemory был выполнен только частично. (0x12B)
[0516/165552.855:ERROR:process_memory_win.cc(73)] ReadMemory at 0x7ff8a0048180 of 512 bytes failed: Запрос ReadProcessMemory или WriteProcessMemory был выполнен только частично. (0x12B)
[0516/165552.855:ERROR:process_memory_win.cc(73)] ReadMemory at 0x7ff8ae9f9664 of 512 bytes failed: Запрос ReadProcessMemory или WriteProcessMemory был выполнен только частично. (0x12B)
[0516/165552.855:ERROR:process_memory_win.cc(73)] ReadMemory at 0x7ff8aefb0200 of 512 bytes failed: Запрос ReadProcessMemory или WriteProcessMemory был выполнен только частично. (0x12B)
[0516/165552.855:ERROR:process_memory_win.cc(73)] ReadMemory at 0x7ff8af880b90 of 512 bytes failed: Запрос ReadProcessMemory или WriteProcessMemory был выполнен только частично. (0x12B)
[0516/165552.855:ERROR:process_memory_win.cc(73)] ReadMemory at 0x7ff8b17f79f0 of 512 bytes failed: Запрос ReadProcessMemory или WriteProcessMemory был выполнен только частично. (0x12B)
[0516/165552.855:ERROR:process_memory_win.cc(73)] ReadMemory at 0x7ff8b17f82e0 of 512 bytes failed: Запрос ReadProcessMemory или WriteProcessMemory был выполнен только частично. (0x12B)
[0516/165552.855:ERROR:process_memory_win.cc(73)] ReadMemory at 0x7ff8b17fa0d0 of 512 bytes failed: Запрос ReadProcessMemory или WriteProcessMemory был выполнен только частично. (0x12B)
[0516/165552.855:ERROR:process_memory_win.cc(73)] ReadMemory at 0x7ff8b186a9a4 of 672 bytes failed: Запрос ReadProcessMemory или WriteProcessMemory был выполнен только частично. (0x12B)
[0516/165552.855:ERROR:process_memory_win.cc(73)] ReadMemory at 0x7ff8b186afa4 of 512 bytes failed: Запрос ReadProcessMemory или WriteProcessMemory был выполнен только частично. (0x12B)
[0516/165552.855:ERROR:process_memory_win.cc(73)] ReadMemory at 0x7ff8b186b474 of 512 bytes failed: Запрос ReadProcessMemory или WriteProcessMemory был выполнен только частично. (0x12B)
[0516/165552.855:ERROR:process_memory_win.cc(73)] ReadMemory at 0x7ff8b186e274 of 512 bytes failed: Запрос ReadProcessMemory или WriteProcessMemory был выполнен только частично. (0x12B)
[0516/165552.939:ERROR:process_memory_win.cc(73)] ReadMemory at 0x7ff8b18e9380 of 512 bytes failed: Запрос ReadProcessMemory или WriteProcessMemory был выполнен только частично. (0x12B)
[0516/165552.939:ERROR:process_memory_win.cc(73)] ReadMemory at 0x7ff8b18f01e0 of 18 bytes failed: Запрос ReadProcessMemory или WriteProcessMemory был выполнен только частично. (0x12B)
[0516/165552.939:ERROR:process_memory_win.cc(73)] ReadMemory at 0x7ff8b19265b0 of 40 bytes failed: Запрос ReadProcessMemory или WriteProcessMemory был выполнен только частично. (0x12B)
[0516/165552.939:ERROR:process_memory_win.cc(73)] ReadMemory at 0x7ff8b1926a08 of 48 bytes failed: Запрос ReadProcessMemory или WriteProcessMemory был выполнен только частично. (0x12B)
[0516/165552.940:ERROR:process_memory_win.cc(73)] ReadMemory at 0x7ff8b192c360 of 64 bytes failed: Запрос ReadProcessMemory или WriteProcessMemory был выполнен только частично. (0x12B)
[0516/165552.940:ERROR:process_memory_win.cc(73)] ReadMemory at 0x7ff8b193f460 of 608 bytes failed: Запрос ReadProcessMemory или WriteProcessMemory был выполнен только частично. (0x12B)
[0516/165552.943:ERROR:file_io_win.cc(161)] CreateFile C:\Users\РњР°СЂРёРЅР°\AppData\Local\Temp\scoped_dir3076_4276\Crashpad\settings.dat: Не удается найти указанный файл. (0x2)
[0516/165552.944:ERROR:scoped_process_suspend.cc(40)] NtResumeProcess: Попытка доступа к процессу, выполняющему процедуру завершения. (0xc000010a)
